<?xml version="1.0" encoding="UTF-8"?>
<testng-results ignored="0" total="1" passed="1" failed="0" skipped="0">
  <reporter-output>
  </reporter-output>
  <suite started-at="2018-07-02T10:33:49Z" name="Default suite" finished-at="2018-07-02T10:35:09Z" duration-ms="79863">
    <groups>
    </groups>
    <test started-at="2018-07-02T10:33:49Z" name="Default test" finished-at="2018-07-02T10:35:09Z" duration-ms="79863">
      <class name="com.intradyn.EmailArchive.BrowserStack">
        <test-method signature="openURL(org.openqa.selenium.Platform, java.lang.String, java.lang.String)[pri:0, instance:com.intradyn.EmailArchive.BrowserStack@2e55dd0c]" started-at="2018-07-02T16:03:49Z" name="openURL" data-provider="BrowserStackTestData" finished-at="2018-07-02T16:05:09Z" duration-ms="79806" status="PASS">
          <params>
            <param index="0">
              <value>
                <![CDATA[WIN8]]>
              </value>
            </param>
            <param index="1">
              <value>
                <![CDATA[chrome]]>
              </value>
            </param>
            <param index="2">
              <value>
                <![CDATA[62.0]]>
              </value>
            </param>
          </params>
          <reporter-output>
          </reporter-output>
        </test-method> <!-- openURL -->
      </class> <!-- com.intradyn.EmailArchive.BrowserStack -->
    </test> <!-- Default test -->
  </suite> <!-- Default suite -->
</testng-results>
